<?xml version="1.0" encoding="UTF-8"?>
<!-- Generated by org.testng.reporters.JUnitReportReporter -->
<testsuite hostname="DESKTOP-J238NH2" failures="0" tests="1" name="testCases.TC_002_LoginTest" time="8.015" errors="0" timestamp="2024-02-04T15:40:31 IST" skipped="0">
  <testcase classname="testCases.TC_002_LoginTest" name="verify_Login" time="8.015"/>
  <system-out/>
</testsuite> <!-- testCases.TC_002_LoginTest -->
